[01-Oct-2025 00:28:16 Europe/Berlin] PHP Fatal error:  Cannot redeclare ejecutarQuery() (previously declared in C:\Users\Felip\OneDrive\Escritorio\Proyecto 1\chronoworks-20250707T165102Z-1-001\chronoworks\modelo\Conexion.php:33) in C:\Users\Felip\OneDrive\Escritorio\Proyecto 1\chronoworks-20250707T165102Z-1-001\chronoworks\modelo\Conexion.php on line 33
[01-Oct-2025 00:28:25 Europe/Berlin] PHP Fatal error:  Cannot redeclare ejecutarQuery() (previously declared in C:\Users\Felip\OneDrive\Escritorio\Proyecto 1\chronoworks-20250707T165102Z-1-001\chronoworks\modelo\Conexion.php:33) in C:\Users\Felip\OneDrive\Escritorio\Proyecto 1\chronoworks-20250707T165102Z-1-001\chronoworks\modelo\Conexion.php on line 33
[01-Oct-2025 00:28:48 Europe/Berlin] PHP Fatal error:  Cannot redeclare ejecutarQuery() (previously declared in C:\Users\Felip\OneDrive\Escritorio\Proyecto 1\chronoworks-20250707T165102Z-1-001\chronoworks\modelo\Conexion.php:33) in C:\Users\Felip\OneDrive\Escritorio\Proyecto 1\chronoworks-20250707T165102Z-1-001\chronoworks\modelo\Conexion.php on line 33
[01-Oct-2025 00:30:41 Europe/Berlin] PHP Fatal error:  Cannot redeclare ejecutarQuery() (previously declared in C:\Users\Felip\OneDrive\Escritorio\Proyecto 1\chronoworks-20250707T165102Z-1-001\chronoworks\modelo\Conexion.php:33) in C:\Users\Felip\OneDrive\Escritorio\Proyecto 1\chronoworks-20250707T165102Z-1-001\chronoworks\modelo\Conexion.php on line 33
[01-Oct-2025 00:30:49 Europe/Berlin] PHP Fatal error:  Uncaught Error: Call to a member function query() on resource in C:\Users\Felip\OneDrive\Escritorio\Proyecto 1\chronoworks-20250707T165102Z-1-001\chronoworks\vista\empleados\modificarEmpleados.php:4
Stack trace:
#0 {main}
  thrown in C:\Users\Felip\OneDrive\Escritorio\Proyecto 1\chronoworks-20250707T165102Z-1-001\chronoworks\vista\empleados\modificarEmpleados.php on line 4
[01-Oct-2025 00:33:20 Europe/Berlin] PHP Warning:  pg_query_params(): Query failed: ERROR:  insert or update on table &quot;empleados&quot; violates foreign key constraint &quot;empleados_id_turno_fkey&quot;
DETAIL:  Key (id_turno)=(33) is not present in table &quot;turno&quot;. in C:\Users\Felip\OneDrive\Escritorio\Proyecto 1\chronoworks-20250707T165102Z-1-001\chronoworks\controlador\empleados\registro_empleados.php on line 25
[01-Oct-2025 00:33:54 Europe/Berlin] PHP Warning:  pg_connect(): Unable to connect to PostgreSQL server: could not translate host name &quot;aws-1-us-east-2.pooler.supabase.com&quot; to address: Unknown host in C:\Users\Felip\OneDrive\Escritorio\Proyecto 1\chronoworks-20250707T165102Z-1-001\chronoworks\modelo\Conexion.php on line 21
[01-Oct-2025 00:33:54 Europe/Berlin] PHP Fatal error:  Uncaught Error: No PostgreSQL link opened yet in C:\Users\Felip\OneDrive\Escritorio\Proyecto 1\chronoworks-20250707T165102Z-1-001\chronoworks\modelo\Conexion.php:24
Stack trace:
#0 C:\Users\Felip\OneDrive\Escritorio\Proyecto 1\chronoworks-20250707T165102Z-1-001\chronoworks\modelo\Conexion.php(24): pg_last_error()
#1 C:\Users\Felip\OneDrive\Escritorio\Proyecto 1\chronoworks-20250707T165102Z-1-001\chronoworks\vista\empleados\agregarempleados.php(38): include('C:\\Users\\Felip\\...')
#2 {main}
  thrown in C:\Users\Felip\OneDrive\Escritorio\Proyecto 1\chronoworks-20250707T165102Z-1-001\chronoworks\modelo\Conexion.php on line 24
[01-Oct-2025 00:34:20 Europe/Berlin] PHP Warning:  pg_connect(): Unable to connect to PostgreSQL server: could not translate host name &quot;aws-1-us-east-2.pooler.supabase.com&quot; to address: Unknown host in C:\Users\Felip\OneDrive\Escritorio\Proyecto 1\chronoworks-20250707T165102Z-1-001\chronoworks\modelo\Conexion.php on line 21
[01-Oct-2025 00:34:20 Europe/Berlin] PHP Fatal error:  Uncaught Error: No PostgreSQL link opened yet in C:\Users\Felip\OneDrive\Escritorio\Proyecto 1\chronoworks-20250707T165102Z-1-001\chronoworks\modelo\Conexion.php:24
Stack trace:
#0 C:\Users\Felip\OneDrive\Escritorio\Proyecto 1\chronoworks-20250707T165102Z-1-001\chronoworks\modelo\Conexion.php(24): pg_last_error()
#1 C:\Users\Felip\OneDrive\Escritorio\Proyecto 1\chronoworks-20250707T165102Z-1-001\chronoworks\vista\empleados\listaempleados.php(2): include('C:\\Users\\Felip\\...')
#2 {main}
  thrown in C:\Users\Felip\OneDrive\Escritorio\Proyecto 1\chronoworks-20250707T165102Z-1-001\chronoworks\modelo\Conexion.php on line 24
[01-Oct-2025 00:34:26 Europe/Berlin] PHP Fatal error:  Cannot redeclare ejecutarQuery() (previously declared in C:\Users\Felip\OneDrive\Escritorio\Proyecto 1\chronoworks-20250707T165102Z-1-001\chronoworks\modelo\Conexion.php:33) in C:\Users\Felip\OneDrive\Escritorio\Proyecto 1\chronoworks-20250707T165102Z-1-001\chronoworks\modelo\Conexion.php on line 33
[01-Oct-2025 00:35:11 Europe/Berlin] PHP Warning:  pg_query_params(): Query failed: ERROR:  insert or update on table &quot;empleados&quot; violates foreign key constraint &quot;empleados_id_turno_fkey&quot;
DETAIL:  Key (id_turno)=(8) is not present in table &quot;turno&quot;. in C:\Users\Felip\OneDrive\Escritorio\Proyecto 1\chronoworks-20250707T165102Z-1-001\chronoworks\controlador\empleados\registro_empleados.php on line 25
[01-Oct-2025 00:36:51 Europe/Berlin] PHP Warning:  Undefined array key "id" in C:\Users\Felip\OneDrive\Escritorio\Proyecto 1\chronoworks-20250707T165102Z-1-001\chronoworks\controlador\campaña\eliminar_campaña.php on line 35
[01-Oct-2025 00:36:52 Europe/Berlin] PHP Warning:  Undefined array key "id" in C:\Users\Felip\OneDrive\Escritorio\Proyecto 1\chronoworks-20250707T165102Z-1-001\chronoworks\controlador\campaña\eliminar_campaña.php on line 35
[01-Oct-2025 00:37:21 Europe/Berlin] PHP Warning:  Undefined array key "id" in C:\Users\Felip\OneDrive\Escritorio\Proyecto 1\chronoworks-20250707T165102Z-1-001\chronoworks\controlador\campaña\eliminar_campaña.php on line 35
[01-Oct-2025 00:37:51 Europe/Berlin] PHP Warning:  Undefined array key "id" in C:\Users\Felip\OneDrive\Escritorio\Proyecto 1\chronoworks-20250707T165102Z-1-001\chronoworks\controlador\campaña\eliminar_campaña.php on line 35
[01-Oct-2025 00:38:26 Europe/Berlin] PHP Warning:  Undefined array key "id" in C:\Users\Felip\OneDrive\Escritorio\Proyecto 1\chronoworks-20250707T165102Z-1-001\chronoworks\controlador\campaña\eliminar_campaña.php on line 35
[01-Oct-2025 00:39:03 Europe/Berlin] PHP Warning:  Undefined array key "id" in C:\Users\Felip\OneDrive\Escritorio\Proyecto 1\chronoworks-20250707T165102Z-1-001\chronoworks\controlador\campaña\eliminar_campaña.php on line 35
[01-Oct-2025 00:41:16 Europe/Berlin] PHP Warning:  Undefined array key "id" in C:\Users\Felip\OneDrive\Escritorio\Proyecto 1\chronoworks-20250707T165102Z-1-001\chronoworks\controlador\campaña\eliminar_campaña.php on line 35
[01-Oct-2025 00:43:02 Europe/Berlin] PHP Warning:  Undefined array key "id" in C:\Users\Felip\OneDrive\Escritorio\Proyecto 1\chronoworks-20250707T165102Z-1-001\chronoworks\controlador\campaña\eliminar_campaña.php on line 35
[01-Oct-2025 00:44:55 Europe/Berlin] PHP Warning:  pg_query_params(): Query failed: ERROR:  duplicate key value violates unique constraint &quot;empleados_correo_key&quot;
DETAIL:  Key (correo)=(pedro.martinez@empresa.com) already exists. in C:\Users\Felip\OneDrive\Escritorio\Proyecto 1\chronoworks-20250707T165102Z-1-001\chronoworks\controlador\empleados\registro_empleados.php on line 25
[01-Oct-2025 00:45:14 Europe/Berlin] PHP Fatal error:  Cannot redeclare ejecutarQuery() (previously declared in C:\Users\Felip\OneDrive\Escritorio\Proyecto 1\chronoworks-20250707T165102Z-1-001\chronoworks\modelo\Conexion.php:33) in C:\Users\Felip\OneDrive\Escritorio\Proyecto 1\chronoworks-20250707T165102Z-1-001\chronoworks\modelo\Conexion.php on line 33
[01-Oct-2025 00:45:24 Europe/Berlin] PHP Fatal error:  Cannot redeclare ejecutarQuery() (previously declared in C:\Users\Felip\OneDrive\Escritorio\Proyecto 1\chronoworks-20250707T165102Z-1-001\chronoworks\modelo\Conexion.php:33) in C:\Users\Felip\OneDrive\Escritorio\Proyecto 1\chronoworks-20250707T165102Z-1-001\chronoworks\modelo\Conexion.php on line 33
[01-Oct-2025 00:46:13 Europe/Berlin] PHP Warning:  pg_query_params(): Query failed: ERROR:  new row for relation &quot;roles&quot; violates check constraint &quot;roles_nombre_check&quot;
DETAIL:  Failing row contains (4, supervisor). in C:\Users\Felip\OneDrive\Escritorio\Proyecto 1\chronoworks-20250707T165102Z-1-001\chronoworks\controlador\roles\registro_roles.php on line 13
[01-Oct-2025 00:46:39 Europe/Berlin] PHP Warning:  pg_query_params(): Query failed: ERROR:  new row for relation &quot;roles&quot; violates check constraint &quot;roles_nombre_check&quot;
DETAIL:  Failing row contains (5, Supervisor). in C:\Users\Felip\OneDrive\Escritorio\Proyecto 1\chronoworks-20250707T165102Z-1-001\chronoworks\controlador\roles\registro_roles.php on line 13
[01-Oct-2025 00:49:48 Europe/Berlin] PHP Warning:  pg_query_params(): Query failed: ERROR:  insert or update on table &quot;credenciales&quot; violates foreign key constraint &quot;credenciales_id_empleado_fkey&quot;
DETAIL:  Key (id_empleado)=(3) is not present in table &quot;empleados&quot;. in C:\Users\Felip\OneDrive\Escritorio\Proyecto 1\chronoworks-20250707T165102Z-1-001\chronoworks\controlador\credenciales\registro_credenciales.php on line 16
[01-Oct-2025 00:51:59 Europe/Berlin] PHP Warning:  Undefined array key "id" in C:\Users\Felip\OneDrive\Escritorio\Proyecto 1\chronoworks-20250707T165102Z-1-001\chronoworks\controlador\campaña\eliminar_campaña.php on line 35
[01-Oct-2025 00:56:31 Europe/Berlin] PHP Fatal error:  Cannot redeclare ejecutarQuery() (previously declared in C:\Users\Felip\OneDrive\Escritorio\Proyecto 1\chronoworks-20250707T165102Z-1-001\chronoworks\modelo\Conexion.php:33) in C:\Users\Felip\OneDrive\Escritorio\Proyecto 1\chronoworks-20250707T165102Z-1-001\chronoworks\modelo\Conexion.php on line 33
[01-Oct-2025 01:06:37 Europe/Berlin] PHP Warning:  Undefined array key "id" in C:\Users\Felip\OneDrive\Escritorio\Proyecto 1\chronoworks-20250707T165102Z-1-001\chronoworks\controlador\campaña\eliminar_campaña.php on line 35
[01-Oct-2025 01:06:38 Europe/Berlin] PHP Warning:  Undefined array key "id" in C:\Users\Felip\OneDrive\Escritorio\Proyecto 1\chronoworks-20250707T165102Z-1-001\chronoworks\controlador\campaña\eliminar_campaña.php on line 35
[01-Oct-2025 01:09:37 Europe/Berlin] PHP Warning:  Undefined array key "id" in C:\Users\Felip\OneDrive\Escritorio\Proyecto 1\chronoworks-20250707T165102Z-1-001\chronoworks\controlador\campaña\eliminar_campaña.php on line 35
[01-Oct-2025 01:10:21 Europe/Berlin] PHP Warning:  Undefined array key "id" in C:\Users\Felip\OneDrive\Escritorio\Proyecto 1\chronoworks-20250707T165102Z-1-001\chronoworks\controlador\campaña\eliminar_campaña.php on line 35
[01-Oct-2025 01:10:58 Europe/Berlin] PHP Fatal error:  Cannot redeclare ejecutarQuery() (previously declared in C:\Users\Felip\OneDrive\Escritorio\Proyecto 1\chronoworks-20250707T165102Z-1-001\chronoworks\modelo\Conexion.php:33) in C:\Users\Felip\OneDrive\Escritorio\Proyecto 1\chronoworks-20250707T165102Z-1-001\chronoworks\modelo\Conexion.php on line 33
[01-Oct-2025 01:14:04 Europe/Berlin] PHP Fatal error:  Cannot redeclare ejecutarQuery() (previously declared in C:\Users\Felip\OneDrive\Escritorio\Proyecto 1\chronoworks-20250707T165102Z-1-001\chronoworks\modelo\Conexion.php:33) in C:\Users\Felip\OneDrive\Escritorio\Proyecto 1\chronoworks-20250707T165102Z-1-001\chronoworks\modelo\Conexion.php on line 33
